<?xml version="1.0" encoding="UTF-8"?>
<testng-results skipped="0" failed="0" ignored="0" total="1" passed="1">
  <reporter-output>
  </reporter-output>
  <suite name="SFRWebSiteDemo" duration-ms="20134" started-at="2021-10-26T12:16:35 CEST" finished-at="2021-10-26T12:16:55 CEST">
    <groups>
    </groups>
    <test name="SFRWebSiteDemo Test" duration-ms="20134" started-at="2021-10-26T12:16:35 CEST" finished-at="2021-10-26T12:16:55 CEST">
      <class name="com.SFRWebSiteDemo.testCases.TC_OffresTVTest_002">
        <test-method status="PASS" signature="setup()[pri:0, instance:com.SFRWebSiteDemo.testCases.TC_OffresTVTest_002@1c3a4799]" name="setup" is-config="true" duration-ms="2020" started-at="2021-10-26T12:16:35 CEST" finished-at="2021-10-26T12:16:38 CEST">
          <reporter-output>
          </reporter-output>
        </test-method> <!-- setup -->
        <test-method status="PASS" signature="offresTVTest()[pri:0, instance:com.SFRWebSiteDemo.testCases.TC_OffresTVTest_002@1c3a4799]" name="offresTVTest" duration-ms="17965" started-at="2021-10-26T12:16:38 CEST" finished-at="2021-10-26T12:16:55 CEST">
          <reporter-output>
          </reporter-output>
        </test-method> <!-- offresTVTest -->
      </class> <!-- com.SFRWebSiteDemo.testCases.TC_OffresTVTest_002 -->
    </test> <!-- SFRWebSiteDemo Test -->
  </suite> <!-- SFRWebSiteDemo -->
</testng-results>
