<?xml version="1.0" encoding="UTF-8"?>
<testng-results ignored="0" total="1" passed="1" failed="0" skipped="0">
  <reporter-output>
  </reporter-output>
  <suite started-at="2021-10-25T12:23:38 CEST" name="Default suite" finished-at="2021-10-25T12:23:55 CEST" duration-ms="17476">
    <groups>
    </groups>
    <test started-at="2021-10-25T12:23:38 CEST" name="Default test" finished-at="2021-10-25T12:23:55 CEST" duration-ms="17476">
      <class name="com.SFRWebSiteDemo.testCases.TC_OffresTVTest_002">
        <test-method is-config="true" signature="setup()[pri:0, instance:com.SFRWebSiteDemo.testCases.TC_OffresTVTest_002@3e84448c]" started-at="2021-10-25T12:23:38 CEST" name="setup" finished-at="2021-10-25T12:23:39 CEST" duration-ms="1255" status="PASS">
          <reporter-output>
          </reporter-output>
        </test-method> <!-- setup -->
        <test-method signature="offresTVTest()[pri:0, instance:com.SFRWebSiteDemo.testCases.TC_OffresTVTest_002@3e84448c]" started-at="2021-10-25T12:23:39 CEST" name="offresTVTest" finished-at="2021-10-25T12:23:55 CEST" duration-ms="16189" status="PASS">
          <reporter-output>
          </reporter-output>
        </test-method> <!-- offresTVTest -->
      </class> <!-- com.SFRWebSiteDemo.testCases.TC_OffresTVTest_002 -->
    </test> <!-- Default test -->
  </suite> <!-- Default suite -->
</testng-results>
