<?xml version="1.0" encoding="UTF-8"?>
<testng-results ignored="0" total="1" passed="1" failed="0" skipped="0">
  <reporter-output>
  </reporter-output>
  <suite started-at="2021-11-02T12:36:13 CET" name="Default suite" finished-at="2021-11-02T12:36:32 CET" duration-ms="18897">
    <groups>
    </groups>
    <test started-at="2021-11-02T12:36:13 CET" name="Default test" finished-at="2021-11-02T12:36:32 CET" duration-ms="18897">
      <class name="com.SFRWebSiteDemo.testCases.TC_OffresTVTest_002">
        <test-method is-config="true" signature="setup()[pri:0, instance:com.SFRWebSiteDemo.testCases.TC_OffresTVTest_002@21282ed8]" started-at="2021-11-02T12:36:13 CET" name="setup" finished-at="2021-11-02T12:36:14 CET" duration-ms="1192" status="PASS">
          <reporter-output>
          </reporter-output>
        </test-method> <!-- setup -->
        <test-method signature="offresTVTest()[pri:0, instance:com.SFRWebSiteDemo.testCases.TC_OffresTVTest_002@21282ed8]" started-at="2021-11-02T12:36:14 CET" name="offresTVTest" finished-at="2021-11-02T12:36:32 CET" duration-ms="17677" status="PASS">
          <reporter-output>
          </reporter-output>
        </test-method> <!-- offresTVTest -->
      </class> <!-- com.SFRWebSiteDemo.testCases.TC_OffresTVTest_002 -->
    </test> <!-- Default test -->
  </suite> <!-- Default suite -->
</testng-results>
